<?xml version="1.0" encoding="UTF-8"?>
<!-- Generated by org.testng.reporters.JUnitReportReporter -->
<testsuite hostname="DESKTOP-S344IQT" failures="0" tests="1" name="restAssured01.PutMethod" time="2.521" errors="0" timestamp="2022-08-24T09:30:27 IST" skipped="0">
  <testcase classname="restAssured01.PutMethod" name="putMethod" time="2.521"/>
  <system-out/>
</testsuite> <!-- restAssured01.PutMethod -->
