<?xml version="1.0" encoding="UTF-8"?>
<!-- Generated by org.testng.reporters.JUnitReportReporter -->
<testsuite hostname="DESKTOP-S344IQT" failures="0" tests="1" name="rest.PutMethod" time="2.214" errors="0" timestamp="2022-09-01T16:04:29 IST" skipped="0">
  <testcase classname="rest.PutMethod" name="m1" time="2.214"/>
  <system-out/>
</testsuite> <!-- rest.PutMethod -->
