<?xml version="1.0" encoding="UTF-8"?>
<!-- Generated by org.testng.reporters.JUnitReportReporter -->
<testsuite hostname="DESKTOP-S344IQT" failures="0" tests="1" name="restAssured01.Post01" time="2.837" errors="0" timestamp="2022-08-25T07:03:47 IST" skipped="0">
  <testcase classname="restAssured01.Post01" name="m1" time="2.837"/>
  <system-out/>
</testsuite> <!-- restAssured01.Post01 -->
