<?xml version="1.0" encoding="UTF-8"?>
<!-- Generated by org.testng.reporters.JUnitReportReporter -->
<testsuite hostname="DESKTOP-S344IQT" failures="0" tests="1" name="restAssured01.DeleteMethod" time="2.747" errors="0" timestamp="2022-08-24T10:11:19 IST" skipped="0">
  <testcase classname="restAssured01.DeleteMethod" name="deleteMethod" time="2.747"/>
  <system-out/>
</testsuite> <!-- restAssured01.DeleteMethod -->
