<?xml version="1.0" encoding="UTF-8"?>
<!-- Generated by org.testng.reporters.JUnitReportReporter -->
<testsuite hostname="DESKTOP-S344IQT" failures="0" tests="1" name="restAssured01.PostMethod" time="2.557" errors="0" timestamp="2022-08-24T09:23:49 IST" skipped="0">
  <testcase classname="restAssured01.PostMethod" name="postMethod" time="2.557"/>
  <system-out/>
</testsuite> <!-- restAssured01.PostMethod -->
