<?xml version="1.0" encoding="UTF-8"?>
<!-- Generated by org.testng.reporters.JUnitReportReporter -->
<testsuite hostname="DESKTOP-S344IQT" failures="0" tests="1" name="rest.Demo03" time="2.468" errors="0" timestamp="2022-08-23T08:50:20 IST" skipped="0">
  <testcase classname="rest.Demo03" name="m1" time="2.468"/>
  <system-out/>
</testsuite> <!-- rest.Demo03 -->
