<?xml version="1.0" encoding="UTF-8"?>
<!-- Generated by org.testng.reporters.JUnitReportReporter -->
<testsuite hostname="DESKTOP-S344IQT" failures="0" tests="4" name="testNG.TestCase01" time="0.009" errors="0" timestamp="2022-09-02T16:23:11 IST" skipped="0">
  <testcase classname="testNG.TestCase01" name="m1" time="0.006"/>
  <system-out/>
  <testcase classname="testNG.TestCase01" name="m3" time="0.001"/>
  <system-out/>
  <testcase classname="testNG.TestCase01" name="m4" time="0.001"/>
  <system-out/>
  <testcase classname="testNG.TestCase01" name="m2" time="0.001"/>
  <system-out/>
</testsuite> <!-- testNG.TestCase01 -->
