<?xml version="1.0" encoding="UTF-8"?>
<!-- Generated by org.testng.reporters.JUnitReportReporter -->
<testsuite hostname="DESKTOP-S344IQT" failures="0" tests="1" name="restAssured01.GetMethod" time="1.816" errors="0" timestamp="2022-08-25T06:57:58 IST" skipped="0">
  <testcase classname="restAssured01.GetMethod" name="getMethod" time="1.816"/>
  <system-out/>
</testsuite> <!-- restAssured01.GetMethod -->
