<?xml version="1.0" encoding="UTF-8"?>
<!-- Generated by org.testng.reporters.JUnitReportReporter -->
<testsuite hostname="DESKTOP-S344IQT" failures="0" tests="1" name="rest.Demo02" time="3.025" errors="0" timestamp="2022-08-21T16:36:15 IST" skipped="0">
  <testcase classname="rest.Demo02" name="m1" time="3.025"/>
  <system-out/>
</testsuite> <!-- rest.Demo02 -->
